Mplus VERSION 8
MUTHEN & MUTHEN
11/03/2021   8:52 AM

INPUT INSTRUCTIONS

  TITLE:	AFC UERJ
  DATA:	FILE IS banco_exemplo_cat2.txt;
  VARIABLE:	NAMES ARE id i1-i12;
              usevariables i1-i5 i7-i12;
              CATEGORICAL ARE ALL;



  MODEL:	f1 BY i1-i4;
  	    f2 BY i5 i7 i8;
  	    f3 BY i9-i12;
  	

  OUTPUT:	standardized (all); modindices (all);




INPUT READING TERMINATED NORMALLY



AFC UERJ

SUMMARY OF ANALYSIS

Number of groups                                                 1
Number of observations                                         500

Number of dependent variables                                   11
Number of independent variables                                  0
Number of continuous latent variables                            3

Observed dependent variables

  Binary and ordered categorical (ordinal)
   I1          I2          I3          I4          I5          I7
   I8          I9          I10         I11         I12

Continuous latent variables
   F1          F2          F3


Estimator                                                    WLSMV
Maximum number of iterations                                  1000
Convergence criterion                                    0.500D-04
Maximum number of steepest descent iterations                   20
Parameterization                                             DELTA
Link                                                        PROBIT

Input data file(s)
  banco_exemplo_cat2.txt

Input data format  FREE


UNIVARIATE PROPORTIONS AND COUNTS FOR CATEGORICAL VARIABLES

    I1
      Category 1    0.018            9.000
      Category 2    0.050           25.000
      Category 3    0.074           37.000
      Category 4    0.360          180.000
      Category 5    0.498          249.000
    I2
      Category 1    0.042           21.000
      Category 2    0.254          127.000
      Category 3    0.390          195.000
      Category 4    0.216          108.000
      Category 5    0.098           49.000
    I3
      Category 1    0.098           49.000
      Category 2    0.360          180.000
      Category 3    0.340          170.000
      Category 4    0.164           82.000
      Category 5    0.038           19.000
    I4
      Category 1    0.152           76.000
      Category 2    0.338          169.000
      Category 3    0.426          213.000
      Category 4    0.066           33.000
      Category 5    0.018            9.000
    I5
      Category 1    0.176           88.000
      Category 2    0.324          162.000
      Category 3    0.336          168.000
      Category 4    0.146           73.000
      Category 5    0.018            9.000
    I7
      Category 1    0.100           50.000
      Category 2    0.066           33.000
      Category 3    0.268          134.000
      Category 4    0.376          188.000
      Category 5    0.190           95.000
    I8
      Category 1    0.024           12.000
      Category 2    0.042           21.000
      Category 3    0.216          108.000
      Category 4    0.240          120.000
      Category 5    0.478          239.000
    I9
      Category 1    0.276          138.000
      Category 2    0.408          204.000
      Category 3    0.206          103.000
      Category 4    0.102           51.000
      Category 5    0.008            4.000
    I10
      Category 1    0.018            9.000
      Category 2    0.336          168.000
      Category 3    0.412          206.000
      Category 4    0.180           90.000
      Category 5    0.054           27.000
    I11
      Category 1    0.088           44.000
      Category 2    0.260          130.000
      Category 3    0.360          180.000
      Category 4    0.244          122.000
      Category 5    0.048           24.000
    I12
      Category 1    0.226          113.000
      Category 2    0.380          190.000
      Category 3    0.302          151.000
      Category 4    0.064           32.000
      Category 5    0.028           14.000



THE MODEL ESTIMATION TERMINATED NORMALLY



MODEL FIT INFORMATION

Number of Free Parameters                       58

Chi-Square Test of Model Fit

          Value                            235.149*
          Degrees of Freedom                    41
          P-Value                           0.0000

*   The chi-square value for MLM, MLMV, MLR, ULSMV, WLSM and WLSMV cannot be used
    for chi-square difference testing in the regular way.  MLM, MLR and WLSM
    chi-square difference testing is described on the Mplus website.  MLMV, WLSMV,
    and ULSMV difference testing is done using the DIFFTEST option.

RMSEA (Root Mean Square Error Of Approximation)

          Estimate                           0.097
          90 Percent C.I.                    0.085  0.110
          Probability RMSEA <= .05           0.000

CFI/TLI

          CFI                                0.945
          TLI                                0.926

Chi-Square Test of Model Fit for the Baseline Model

          Value                           3578.328
          Degrees of Freedom                    55
          P-Value                           0.0000

WRMR (Weighted Root Mean Square Residual)

          Value                              1.409



MODEL RESULTS

                                                    Two-Tailed
                    Estimate       S.E.  Est./S.E.    P-Value

 F1       BY
    I1                 1.000      0.000    999.000    999.000
    I2                 0.721      0.039     18.353      0.000
    I3                 0.658      0.041     15.898      0.000
    I4                 0.543      0.042     12.833      0.000

 F2       BY
    I5                 1.000      0.000    999.000    999.000
    I7                 1.033      0.071     14.645      0.000
    I8                 1.276      0.101     12.651      0.000

 F3       BY
    I9                 1.000      0.000    999.000    999.000
    I10               -1.182      0.045    -26.206      0.000
    I11               -0.403      0.065     -6.202      0.000
    I12               -1.308      0.062    -20.963      0.000

 F2       WITH
    F1                 0.257      0.037      7.014      0.000

 F3       WITH
    F1                -0.126      0.036     -3.533      0.000
    F2                -0.073      0.027     -2.718      0.007

 Thresholds
    I1$1              -2.097      0.134    -15.612      0.000
    I1$2              -1.491      0.086    -17.387      0.000
    I1$3              -1.071      0.069    -15.424      0.000
    I1$4               0.005      0.056      0.089      0.929
    I2$1              -1.728      0.100    -17.269      0.000
    I2$2              -0.536      0.059     -9.072      0.000
    I2$3               0.485      0.059      8.282      0.000
    I2$4               1.293      0.077     16.816      0.000
    I3$1              -1.293      0.077    -16.816      0.000
    I3$2              -0.105      0.056     -1.878      0.060
    I3$3               0.834      0.064     13.090      0.000
    I3$4               1.774      0.103     17.151      0.000
    I4$1              -1.028      0.068    -15.059      0.000
    I4$2              -0.025      0.056     -0.447      0.655
    I4$3               1.379      0.080     17.141      0.000
    I4$4               2.097      0.134     15.612      0.000
    I5$1              -0.931      0.066    -14.138      0.000
    I5$2               0.000      0.056      0.000      1.000
    I5$3               0.978      0.067     14.605      0.000
    I5$4               2.097      0.134     15.612      0.000
    I7$1              -1.282      0.076    -16.764      0.000
    I7$2              -0.970      0.067    -14.528      0.000
    I7$3              -0.166      0.056     -2.950      0.003
    I7$4               0.878      0.065     13.579      0.000
    I8$1              -1.977      0.121    -16.316      0.000
    I8$2              -1.506      0.087    -17.405      0.000
    I8$3              -0.577      0.060     -9.684      0.000
    I8$4               0.055      0.056      0.984      0.325
    I9$1              -0.595      0.060     -9.945      0.000
    I9$2               0.479      0.058      8.194      0.000
    I9$3               1.227      0.074     16.482      0.000
    I9$4               2.409      0.182     13.254      0.000
    I10$1             -2.097      0.134    -15.612      0.000
    I10$2             -0.375      0.058     -6.514      0.000
    I10$3              0.726      0.062     11.751      0.000
    I10$4              1.607      0.092     17.434      0.000
    I11$1             -1.353      0.079    -17.057      0.000
    I11$2             -0.391      0.058     -6.780      0.000
    I11$3              0.548      0.059      9.247      0.000
    I11$4              1.665      0.096     17.382      0.000
    I12$1             -0.752      0.062    -12.090      0.000
    I12$2              0.269      0.057      4.735      0.000
    I12$3              1.329      0.078     16.965      0.000
    I12$4              1.911      0.115     16.642      0.000

 Variances
    F1                 0.998      0.054     18.354      0.000
    F2                 0.481      0.052      9.177      0.000
    F3                 0.544      0.039     13.866      0.000


STANDARDIZED MODEL RESULTS


STDYX Standardization

                                                    Two-Tailed
                    Estimate       S.E.  Est./S.E.    P-Value

 F1       BY
    I1                 0.999      0.027     36.709      0.000
    I2                 0.720      0.030     23.750      0.000
    I3                 0.658      0.035     18.589      0.000
    I4                 0.542      0.039     13.999      0.000

 F2       BY
    I5                 0.693      0.038     18.353      0.000
    I7                 0.716      0.036     20.056      0.000
    I8                 0.885      0.037     24.065      0.000

 F3       BY
    I9                 0.738      0.027     27.733      0.000
    I10               -0.872      0.023    -38.649      0.000
    I11               -0.297      0.047     -6.361      0.000
    I12               -0.965      0.024    -40.885      0.000

 F2       WITH
    F1                 0.370      0.047      7.886      0.000

 F3       WITH
    F1                -0.171      0.048     -3.565      0.000
    F2                -0.144      0.052     -2.769      0.006

 Thresholds
    I1$1              -2.097      0.134    -15.612      0.000
    I1$2              -1.491      0.086    -17.387      0.000
    I1$3              -1.071      0.069    -15.424      0.000
    I1$4               0.005      0.056      0.089      0.929
    I2$1              -1.728      0.100    -17.269      0.000
    I2$2              -0.536      0.059     -9.072      0.000
    I2$3               0.485      0.059      8.282      0.000
    I2$4               1.293      0.077     16.816      0.000
    I3$1              -1.293      0.077    -16.816      0.000
    I3$2              -0.105      0.056     -1.878      0.060
    I3$3               0.834      0.064     13.090      0.000
    I3$4               1.774      0.103     17.151      0.000
    I4$1              -1.028      0.068    -15.059      0.000
    I4$2              -0.025      0.056     -0.447      0.655
    I4$3               1.379      0.080     17.141      0.000
    I4$4               2.097      0.134     15.612      0.000
    I5$1              -0.931      0.066    -14.138      0.000
    I5$2               0.000      0.056      0.000      1.000
    I5$3               0.978      0.067     14.605      0.000
    I5$4               2.097      0.134     15.612      0.000
    I7$1              -1.282      0.076    -16.764      0.000
    I7$2              -0.970      0.067    -14.528      0.000
    I7$3              -0.166      0.056     -2.950      0.003
    I7$4               0.878      0.065     13.579      0.000
    I8$1              -1.977      0.121    -16.316      0.000
    I8$2              -1.506      0.087    -17.405      0.000
    I8$3              -0.577      0.060     -9.684      0.000
    I8$4               0.055      0.056      0.984      0.325
    I9$1              -0.595      0.060     -9.945      0.000
    I9$2               0.479      0.058      8.194      0.000
    I9$3               1.227      0.074     16.482      0.000
    I9$4               2.409      0.182     13.254      0.000
    I10$1             -2.097      0.134    -15.612      0.000
    I10$2             -0.375      0.058     -6.514      0.000
    I10$3              0.726      0.062     11.751      0.000
    I10$4              1.607      0.092     17.434      0.000
    I11$1             -1.353      0.079    -17.057      0.000
    I11$2             -0.391      0.058     -6.780      0.000
    I11$3              0.548      0.059      9.247      0.000
    I11$4              1.665      0.096     17.382      0.000
    I12$1             -0.752      0.062    -12.090      0.000
    I12$2              0.269      0.057      4.735      0.000
    I12$3              1.329      0.078     16.965      0.000
    I12$4              1.911      0.115     16.642      0.000

 Variances
    F1                 1.000      0.000    999.000    999.000
    F2                 1.000      0.000    999.000    999.000
    F3                 1.000      0.000    999.000    999.000


STDY Standardization

                                                    Two-Tailed
                    Estimate       S.E.  Est./S.E.    P-Value

 F1       BY
    I1                 0.999      0.027     36.709      0.000
    I2                 0.720      0.030     23.750      0.000
    I3                 0.658      0.035     18.589      0.000
    I4                 0.542      0.039     13.999      0.000

 F2       BY
    I5                 0.693      0.038     18.353      0.000
    I7                 0.716      0.036     20.056      0.000
    I8                 0.885      0.037     24.065      0.000

 F3       BY
    I9                 0.738      0.027     27.733      0.000
    I10               -0.872      0.023    -38.649      0.000
    I11               -0.297      0.047     -6.361      0.000
    I12               -0.965      0.024    -40.885      0.000

 F2       WITH
    F1                 0.370      0.047      7.886      0.000

 F3       WITH
    F1                -0.171      0.048     -3.565      0.000
    F2                -0.144      0.052     -2.769      0.006

 Thresholds
    I1$1              -2.097      0.134    -15.612      0.000
    I1$2              -1.491      0.086    -17.387      0.000
    I1$3              -1.071      0.069    -15.424      0.000
    I1$4               0.005      0.056      0.089      0.929
    I2$1              -1.728      0.100    -17.269      0.000
    I2$2              -0.536      0.059     -9.072      0.000
    I2$3               0.485      0.059      8.282      0.000
    I2$4               1.293      0.077     16.816      0.000
    I3$1              -1.293      0.077    -16.816      0.000
    I3$2              -0.105      0.056     -1.878      0.060
    I3$3               0.834      0.064     13.090      0.000
    I3$4               1.774      0.103     17.151      0.000
    I4$1              -1.028      0.068    -15.059      0.000
    I4$2              -0.025      0.056     -0.447      0.655
    I4$3               1.379      0.080     17.141      0.000
    I4$4               2.097      0.134     15.612      0.000
    I5$1              -0.931      0.066    -14.138      0.000
    I5$2               0.000      0.056      0.000      1.000
    I5$3               0.978      0.067     14.605      0.000
    I5$4               2.097      0.134     15.612      0.000
    I7$1              -1.282      0.076    -16.764      0.000
    I7$2              -0.970      0.067    -14.528      0.000
    I7$3              -0.166      0.056     -2.950      0.003
    I7$4               0.878      0.065     13.579      0.000
    I8$1              -1.977      0.121    -16.316      0.000
    I8$2              -1.506      0.087    -17.405      0.000
    I8$3              -0.577      0.060     -9.684      0.000
    I8$4               0.055      0.056      0.984      0.325
    I9$1              -0.595      0.060     -9.945      0.000
    I9$2               0.479      0.058      8.194      0.000
    I9$3               1.227      0.074     16.482      0.000
    I9$4               2.409      0.182     13.254      0.000
    I10$1             -2.097      0.134    -15.612      0.000
    I10$2             -0.375      0.058     -6.514      0.000
    I10$3              0.726      0.062     11.751      0.000
    I10$4              1.607      0.092     17.434      0.000
    I11$1             -1.353      0.079    -17.057      0.000
    I11$2             -0.391      0.058     -6.780      0.000
    I11$3              0.548      0.059      9.247      0.000
    I11$4              1.665      0.096     17.382      0.000
    I12$1             -0.752      0.062    -12.090      0.000
    I12$2              0.269      0.057      4.735      0.000
    I12$3              1.329      0.078     16.965      0.000
    I12$4              1.911      0.115     16.642      0.000

 Variances
    F1                 1.000      0.000    999.000    999.000
    F2                 1.000      0.000    999.000    999.000
    F3                 1.000      0.000    999.000    999.000


STD Standardization

                                                    Two-Tailed
                    Estimate       S.E.  Est./S.E.    P-Value

 F1       BY
    I1                 0.999      0.027     36.709      0.000
    I2                 0.720      0.030     23.750      0.000
    I3                 0.658      0.035     18.589      0.000
    I4                 0.542      0.039     13.999      0.000

 F2       BY
    I5                 0.693      0.038     18.353      0.000
    I7                 0.716      0.036     20.056      0.000
    I8                 0.885      0.037     24.065      0.000

 F3       BY
    I9                 0.738      0.027     27.733      0.000
    I10               -0.872      0.023    -38.649      0.000
    I11               -0.297      0.047     -6.361      0.000
    I12               -0.965      0.024    -40.885      0.000

 F2       WITH
    F1                 0.370      0.047      7.886      0.000

 F3       WITH
    F1                -0.171      0.048     -3.565      0.000
    F2                -0.144      0.052     -2.769      0.006

 Thresholds
    I1$1              -2.097      0.134    -15.612      0.000
    I1$2              -1.491      0.086    -17.387      0.000
    I1$3              -1.071      0.069    -15.424      0.000
    I1$4               0.005      0.056      0.089      0.929
    I2$1              -1.728      0.100    -17.269      0.000
    I2$2              -0.536      0.059     -9.072      0.000
    I2$3               0.485      0.059      8.282      0.000
    I2$4               1.293      0.077     16.816      0.000
    I3$1              -1.293      0.077    -16.816      0.000
    I3$2              -0.105      0.056     -1.878      0.060
    I3$3               0.834      0.064     13.090      0.000
    I3$4               1.774      0.103     17.151      0.000
    I4$1              -1.028      0.068    -15.059      0.000
    I4$2              -0.025      0.056     -0.447      0.655
    I4$3               1.379      0.080     17.141      0.000
    I4$4               2.097      0.134     15.612      0.000
    I5$1              -0.931      0.066    -14.138      0.000
    I5$2               0.000      0.056      0.000      1.000
    I5$3               0.978      0.067     14.605      0.000
    I5$4               2.097      0.134     15.612      0.000
    I7$1              -1.282      0.076    -16.764      0.000
    I7$2              -0.970      0.067    -14.528      0.000
    I7$3              -0.166      0.056     -2.950      0.003
    I7$4               0.878      0.065     13.579      0.000
    I8$1              -1.977      0.121    -16.316      0.000
    I8$2              -1.506      0.087    -17.405      0.000
    I8$3              -0.577      0.060     -9.684      0.000
    I8$4               0.055      0.056      0.984      0.325
    I9$1              -0.595      0.060     -9.945      0.000
    I9$2               0.479      0.058      8.194      0.000
    I9$3               1.227      0.074     16.482      0.000
    I9$4               2.409      0.182     13.254      0.000
    I10$1             -2.097      0.134    -15.612      0.000
    I10$2             -0.375      0.058     -6.514      0.000
    I10$3              0.726      0.062     11.751      0.000
    I10$4              1.607      0.092     17.434      0.000
    I11$1             -1.353      0.079    -17.057      0.000
    I11$2             -0.391      0.058     -6.780      0.000
    I11$3              0.548      0.059      9.247      0.000
    I11$4              1.665      0.096     17.382      0.000
    I12$1             -0.752      0.062    -12.090      0.000
    I12$2              0.269      0.057      4.735      0.000
    I12$3              1.329      0.078     16.965      0.000
    I12$4              1.911      0.115     16.642      0.000

 Variances
    F1                 1.000      0.000    999.000    999.000
    F2                 1.000      0.000    999.000    999.000
    F3                 1.000      0.000    999.000    999.000


R-SQUARE

    Observed                                        Two-Tailed   Residual
    Variable        Estimate       S.E.  Est./S.E.    P-Value    Variance

    I1                 0.998      0.054     18.354      0.000      0.002
    I2                 0.519      0.044     11.875      0.000      0.481
    I3                 0.433      0.047      9.295      0.000      0.567
    I4                 0.294      0.042      7.000      0.000      0.706
    I5                 0.481      0.052      9.177      0.000      0.519
    I7                 0.513      0.051     10.028      0.000      0.487
    I8                 0.783      0.065     12.033      0.000      0.217
    I9                 0.544      0.039     13.866      0.000      0.456
    I10                0.760      0.039     19.325      0.000      0.240
    I11                0.088      0.028      3.180      0.001      0.912
    I12                0.931      0.046     20.442      0.000      0.069


QUALITY OF NUMERICAL RESULTS

     Condition Number for the Information Matrix              0.332E-02
       (ratio of smallest to largest eigenvalue)


MODEL MODIFICATION INDICES

Minimum M.I. value for printing the modification index    10.000

                                   M.I.     E.P.C.  Std E.P.C.  StdYX E.P.C.

ON/BY Statements

I1       ON F2       /
F2       BY I1                    73.678     0.718      0.498        0.498
I1       ON F3       /
F3       BY I1                   134.887    -0.662     -0.488       -0.488
I2       ON F2       /
F2       BY I2                    11.720    -0.239     -0.166       -0.166
I2       ON F3       /
F3       BY I2                    13.777     0.182      0.134        0.134
I3       ON F3       /
F3       BY I3                    32.718     0.266      0.196        0.196
I4       ON F2       /
F2       BY I4                    29.993    -0.362     -0.251       -0.251
I4       ON F3       /
F3       BY I4                    30.635     0.243      0.180        0.180

ON Statements

F1       ON I1                   152.775    -1.516     -1.518       -1.518
F1       ON I2                    20.050     0.456      0.456        0.456
F1       ON I3                    19.119     0.435      0.435        0.435
F1       ON I4                    48.941     0.663      0.663        0.663
F2       ON I1                    52.881     0.251      0.362        0.362
F2       ON I4                    23.686    -0.134     -0.193       -0.193
F3       ON I1                   122.404    -0.332     -0.449       -0.449
F3       ON I2                    12.180     0.090      0.122        0.122
F3       ON I3                    31.310     0.137      0.186        0.186
F3       ON I4                    27.105     0.121      0.164        0.164
I1       ON I2                    22.614    -0.368     -0.368       -0.368
I1       ON I3                    18.268    -0.307     -0.307       -0.307
I1       ON I5                    45.718     0.239      0.239        0.239
I1       ON I7                    32.018     0.208      0.208        0.208
I1       ON I8                    40.550     0.216      0.216        0.216
I1       ON I9                    82.866    -0.293     -0.293       -0.293
I1       ON I10                  104.640     0.290      0.290        0.290
I1       ON I11                   30.549     0.251      0.251        0.251
I1       ON I12                   94.585     0.258      0.258        0.258
I2       ON I1                    22.612    -0.368     -0.368       -0.368
I2       ON I3                    22.491     0.246      0.246        0.246
I2       ON I4                    16.471     0.197      0.197        0.197
I2       ON I10                   12.164    -0.091     -0.091       -0.091
I2       ON I12                   10.725    -0.078     -0.078       -0.078
I3       ON I1                    18.266    -0.307     -0.307       -0.307
I3       ON I2                    22.492     0.246      0.246        0.246
I3       ON I4                    10.888     0.157      0.157        0.157
I3       ON I9                    18.423     0.120      0.120        0.120
I3       ON I10                   27.972    -0.124     -0.124       -0.124
I3       ON I11                   13.475    -0.150     -0.150       -0.150
I3       ON I12                   27.531    -0.121     -0.121       -0.121
I4       ON I2                    16.467     0.197      0.197        0.197
I4       ON I3                    10.885     0.157      0.157        0.157
I4       ON I5                    22.225    -0.152     -0.152       -0.152
I4       ON I7                    13.775    -0.118     -0.118       -0.118
I4       ON I8                    23.392    -0.138     -0.138       -0.138
I4       ON I9                    22.219     0.128      0.128        0.128
I4       ON I10                   23.155    -0.111     -0.111       -0.111
I4       ON I11                   13.762    -0.144     -0.144       -0.144
I4       ON I12                   24.173    -0.104     -0.104       -0.104
I8       ON I4                    10.252    -0.134     -0.134       -0.134

WITH Statements

I1       WITH F1                 152.736    -1.516     -1.517      -37.043
I1       WITH F2                  52.881     0.251      0.362        8.827
I1       WITH F3                 122.403    -0.332     -0.449      -10.972
I2       WITH F1                  20.058     0.456      0.456        0.658
I2       WITH F3                  12.180     0.090      0.122        0.176
I2       WITH I1                  22.611    -0.368     -0.368      -12.948
I3       WITH F1                  19.126     0.435      0.435        0.578
I3       WITH F3                  31.310     0.137      0.186        0.247
I3       WITH I1                  18.266    -0.307     -0.307       -9.964
I3       WITH I2                  22.492     0.246      0.246        0.471
I4       WITH F1                  48.951     0.663      0.664        0.790
I4       WITH F2                  23.686    -0.134     -0.193       -0.229
I4       WITH F3                  27.105     0.121      0.164        0.195
I4       WITH I2                  16.471     0.197      0.197        0.338
I4       WITH I3                  10.888     0.157      0.157        0.249
I5       WITH I1                  17.431     0.196      0.196        6.654
I8       WITH I4                  10.548    -0.164     -0.164       -0.419
I9       WITH I1                  15.374    -0.194     -0.194       -7.027
I10      WITH I1                  34.177     0.284      0.284       14.136
I10      WITH I3                  12.281    -0.154     -0.154       -0.418
I12      WITH I1                  24.681     0.245      0.245       22.833
I12      WITH I3                  10.327    -0.156     -0.156       -0.788


DIAGRAM INFORMATION

  Use View Diagram under the Diagram menu in the Mplus Editor to view the diagram.
  If running Mplus from the Mplus Diagrammer, the diagram opens automatically.

  Diagram output
    c:\users\pc_casa\onedrive\congressos_cursos\2021_uerj\afc_exercicio_p2.dgm

     Beginning Time:  08:52:41
        Ending Time:  08:52:42
       Elapsed Time:  00:00:01



MUTHEN & MUTHEN
3463 Stoner Ave.
Los Angeles, CA  90066

Tel: (310) 391-9971
Fax: (310) 391-8971
Web: www.StatModel.com
Support: Support@StatModel.com

Copyright (c) 1998-2017 Muthen & Muthen
