Mplus VERSION 8
MUTHEN & MUTHEN
11/03/2021   8:52 AM

INPUT INSTRUCTIONS

  TITLE:	AFC UERJ
  DATA:	FILE IS banco_exemplo_cat2.txt;
  VARIABLE:	NAMES ARE id i1-i12;
              usevariables i1-i12;
              CATEGORICAL ARE ALL;



  MODEL:	f1 BY i1-i4;
  	    f2 BY i5-i8;
  	    f3 BY i9-i12;
  	

  OUTPUT:	standardized (all); modindices (all);




INPUT READING TERMINATED NORMALLY



AFC UERJ

SUMMARY OF ANALYSIS

Number of groups                                                 1
Number of observations                                         500

Number of dependent variables                                   12
Number of independent variables                                  0
Number of continuous latent variables                            3

Observed dependent variables

  Binary and ordered categorical (ordinal)
   I1          I2          I3          I4          I5          I6
   I7          I8          I9          I10         I11         I12

Continuous latent variables
   F1          F2          F3


Estimator                                                    WLSMV
Maximum number of iterations                                  1000
Convergence criterion                                    0.500D-04
Maximum number of steepest descent iterations                   20
Parameterization                                             DELTA
Link                                                        PROBIT

Input data file(s)
  banco_exemplo_cat2.txt

Input data format  FREE


UNIVARIATE PROPORTIONS AND COUNTS FOR CATEGORICAL VARIABLES

    I1
      Category 1    0.018            9.000
      Category 2    0.050           25.000
      Category 3    0.074           37.000
      Category 4    0.360          180.000
      Category 5    0.498          249.000
    I2
      Category 1    0.042           21.000
      Category 2    0.254          127.000
      Category 3    0.390          195.000
      Category 4    0.216          108.000
      Category 5    0.098           49.000
    I3
      Category 1    0.098           49.000
      Category 2    0.360          180.000
      Category 3    0.340          170.000
      Category 4    0.164           82.000
      Category 5    0.038           19.000
    I4
      Category 1    0.152           76.000
      Category 2    0.338          169.000
      Category 3    0.426          213.000
      Category 4    0.066           33.000
      Category 5    0.018            9.000
    I5
      Category 1    0.176           88.000
      Category 2    0.324          162.000
      Category 3    0.336          168.000
      Category 4    0.146           73.000
      Category 5    0.018            9.000
    I6
      Category 1    0.032           16.000
      Category 2    0.192           96.000
      Category 3    0.320          160.000
      Category 4    0.358          179.000
      Category 5    0.098           49.000
    I7
      Category 1    0.100           50.000
      Category 2    0.066           33.000
      Category 3    0.268          134.000
      Category 4    0.376          188.000
      Category 5    0.190           95.000
    I8
      Category 1    0.024           12.000
      Category 2    0.042           21.000
      Category 3    0.216          108.000
      Category 4    0.240          120.000
      Category 5    0.478          239.000
    I9
      Category 1    0.276          138.000
      Category 2    0.408          204.000
      Category 3    0.206          103.000
      Category 4    0.102           51.000
      Category 5    0.008            4.000
    I10
      Category 1    0.018            9.000
      Category 2    0.336          168.000
      Category 3    0.412          206.000
      Category 4    0.180           90.000
      Category 5    0.054           27.000
    I11
      Category 1    0.088           44.000
      Category 2    0.260          130.000
      Category 3    0.360          180.000
      Category 4    0.244          122.000
      Category 5    0.048           24.000
    I12
      Category 1    0.226          113.000
      Category 2    0.380          190.000
      Category 3    0.302          151.000
      Category 4    0.064           32.000
      Category 5    0.028           14.000



THE MODEL ESTIMATION TERMINATED NORMALLY



MODEL FIT INFORMATION

Number of Free Parameters                       63

Chi-Square Test of Model Fit

          Value                            232.444*
          Degrees of Freedom                    51
          P-Value                           0.0000

*   The chi-square value for MLM, MLMV, MLR, ULSMV, WLSM and WLSMV cannot be used
    for chi-square difference testing in the regular way.  MLM, MLR and WLSM
    chi-square difference testing is described on the Mplus website.  MLMV, WLSMV,
    and ULSMV difference testing is done using the DIFFTEST option.

RMSEA (Root Mean Square Error Of Approximation)

          Estimate                           0.084
          90 Percent C.I.                    0.074  0.096
          Probability RMSEA <= .05           0.000

CFI/TLI

          CFI                                0.949
          TLI                                0.935

Chi-Square Test of Model Fit for the Baseline Model

          Value                           3655.773
          Degrees of Freedom                    66
          P-Value                           0.0000

WRMR (Weighted Root Mean Square Residual)

          Value                              1.341



MODEL RESULTS

                                                    Two-Tailed
                    Estimate       S.E.  Est./S.E.    P-Value

 F1       BY
    I1                 1.000      0.000    999.000    999.000
    I2                 0.721      0.039     18.366      0.000
    I3                 0.658      0.041     15.899      0.000
    I4                 0.542      0.042     12.843      0.000

 F2       BY
    I5                 1.000      0.000    999.000    999.000
    I6                 0.103      0.079      1.305      0.192
    I7                 1.035      0.071     14.616      0.000
    I8                 1.287      0.102     12.674      0.000

 F3       BY
    I9                 1.000      0.000    999.000    999.000
    I10               -1.182      0.045    -26.205      0.000
    I11               -0.403      0.065     -6.205      0.000
    I12               -1.308      0.062    -20.968      0.000

 F2       WITH
    F1                 0.256      0.036      7.028      0.000

 F3       WITH
    F1                -0.126      0.036     -3.535      0.000
    F2                -0.075      0.027     -2.781      0.005

 Thresholds
    I1$1              -2.097      0.134    -15.612      0.000
    I1$2              -1.491      0.086    -17.387      0.000
    I1$3              -1.071      0.069    -15.424      0.000
    I1$4               0.005      0.056      0.089      0.929
    I2$1              -1.728      0.100    -17.269      0.000
    I2$2              -0.536      0.059     -9.072      0.000
    I2$3               0.485      0.059      8.282      0.000
    I2$4               1.293      0.077     16.816      0.000
    I3$1              -1.293      0.077    -16.816      0.000
    I3$2              -0.105      0.056     -1.878      0.060
    I3$3               0.834      0.064     13.090      0.000
    I3$4               1.774      0.103     17.151      0.000
    I4$1              -1.028      0.068    -15.059      0.000
    I4$2              -0.025      0.056     -0.447      0.655
    I4$3               1.379      0.080     17.141      0.000
    I4$4               2.097      0.134     15.612      0.000
    I5$1              -0.931      0.066    -14.138      0.000
    I5$2               0.000      0.056      0.000      1.000
    I5$3               0.978      0.067     14.605      0.000
    I5$4               2.097      0.134     15.612      0.000
    I6$1              -1.852      0.110    -16.890      0.000
    I6$2              -0.759      0.062    -12.174      0.000
    I6$3               0.111      0.056      1.967      0.049
    I6$4               1.293      0.077     16.816      0.000
    I7$1              -1.282      0.076    -16.764      0.000
    I7$2              -0.970      0.067    -14.528      0.000
    I7$3              -0.166      0.056     -2.950      0.003
    I7$4               0.878      0.065     13.579      0.000
    I8$1              -1.977      0.121    -16.316      0.000
    I8$2              -1.506      0.087    -17.405      0.000
    I8$3              -0.577      0.060     -9.684      0.000
    I8$4               0.055      0.056      0.984      0.325
    I9$1              -0.595      0.060     -9.945      0.000
    I9$2               0.479      0.058      8.194      0.000
    I9$3               1.227      0.074     16.482      0.000
    I9$4               2.409      0.182     13.254      0.000
    I10$1             -2.097      0.134    -15.612      0.000
    I10$2             -0.375      0.058     -6.514      0.000
    I10$3              0.726      0.062     11.751      0.000
    I10$4              1.607      0.092     17.434      0.000
    I11$1             -1.353      0.079    -17.057      0.000
    I11$2             -0.391      0.058     -6.780      0.000
    I11$3              0.548      0.059      9.247      0.000
    I11$4              1.665      0.096     17.382      0.000
    I12$1             -0.752      0.062    -12.090      0.000
    I12$2              0.269      0.057      4.735      0.000
    I12$3              1.329      0.078     16.965      0.000
    I12$4              1.911      0.115     16.642      0.000

 Variances
    F1                 0.999      0.054     18.352      0.000
    F2                 0.476      0.052      9.153      0.000
    F3                 0.544      0.039     13.870      0.000


STANDARDIZED MODEL RESULTS


STDYX Standardization

                                                    Two-Tailed
                    Estimate       S.E.  Est./S.E.    P-Value

 F1       BY
    I1                 0.999      0.027     36.703      0.000
    I2                 0.720      0.030     23.762      0.000
    I3                 0.658      0.035     18.581      0.000
    I4                 0.542      0.039     14.008      0.000

 F2       BY
    I5                 0.690      0.038     18.306      0.000
    I6                 0.071      0.054      1.316      0.188
    I7                 0.714      0.036     19.984      0.000
    I8                 0.888      0.037     24.281      0.000

 F3       BY
    I9                 0.738      0.027     27.740      0.000
    I10               -0.872      0.023    -38.652      0.000
    I11               -0.298      0.047     -6.365      0.000
    I12               -0.965      0.024    -40.884      0.000

 F2       WITH
    F1                 0.372      0.047      7.919      0.000

 F3       WITH
    F1                -0.171      0.048     -3.566      0.000
    F2                -0.147      0.052     -2.834      0.005

 Thresholds
    I1$1              -2.097      0.134    -15.612      0.000
    I1$2              -1.491      0.086    -17.387      0.000
    I1$3              -1.071      0.069    -15.424      0.000
    I1$4               0.005      0.056      0.089      0.929
    I2$1              -1.728      0.100    -17.269      0.000
    I2$2              -0.536      0.059     -9.072      0.000
    I2$3               0.485      0.059      8.282      0.000
    I2$4               1.293      0.077     16.816      0.000
    I3$1              -1.293      0.077    -16.816      0.000
    I3$2              -0.105      0.056     -1.878      0.060
    I3$3               0.834      0.064     13.090      0.000
    I3$4               1.774      0.103     17.151      0.000
    I4$1              -1.028      0.068    -15.059      0.000
    I4$2              -0.025      0.056     -0.447      0.655
    I4$3               1.379      0.080     17.141      0.000
    I4$4               2.097      0.134     15.612      0.000
    I5$1              -0.931      0.066    -14.138      0.000
    I5$2               0.000      0.056      0.000      1.000
    I5$3               0.978      0.067     14.605      0.000
    I5$4               2.097      0.134     15.612      0.000
    I6$1              -1.852      0.110    -16.890      0.000
    I6$2              -0.759      0.062    -12.174      0.000
    I6$3               0.111      0.056      1.967      0.049
    I6$4               1.293      0.077     16.816      0.000
    I7$1              -1.282      0.076    -16.764      0.000
    I7$2              -0.970      0.067    -14.528      0.000
    I7$3              -0.166      0.056     -2.950      0.003
    I7$4               0.878      0.065     13.579      0.000
    I8$1              -1.977      0.121    -16.316      0.000
    I8$2              -1.506      0.087    -17.405      0.000
    I8$3              -0.577      0.060     -9.684      0.000
    I8$4               0.055      0.056      0.984      0.325
    I9$1              -0.595      0.060     -9.945      0.000
    I9$2               0.479      0.058      8.194      0.000
    I9$3               1.227      0.074     16.482      0.000
    I9$4               2.409      0.182     13.254      0.000
    I10$1             -2.097      0.134    -15.612      0.000
    I10$2             -0.375      0.058     -6.514      0.000
    I10$3              0.726      0.062     11.751      0.000
    I10$4              1.607      0.092     17.434      0.000
    I11$1             -1.353      0.079    -17.057      0.000
    I11$2             -0.391      0.058     -6.780      0.000
    I11$3              0.548      0.059      9.247      0.000
    I11$4              1.665      0.096     17.382      0.000
    I12$1             -0.752      0.062    -12.090      0.000
    I12$2              0.269      0.057      4.735      0.000
    I12$3              1.329      0.078     16.965      0.000
    I12$4              1.911      0.115     16.642      0.000

 Variances
    F1                 1.000      0.000    999.000    999.000
    F2                 1.000      0.000    999.000    999.000
    F3                 1.000      0.000    999.000    999.000


STDY Standardization

                                                    Two-Tailed
                    Estimate       S.E.  Est./S.E.    P-Value

 F1       BY
    I1                 0.999      0.027     36.703      0.000
    I2                 0.720      0.030     23.762      0.000
    I3                 0.658      0.035     18.581      0.000
    I4                 0.542      0.039     14.008      0.000

 F2       BY
    I5                 0.690      0.038     18.306      0.000
    I6                 0.071      0.054      1.316      0.188
    I7                 0.714      0.036     19.984      0.000
    I8                 0.888      0.037     24.281      0.000

 F3       BY
    I9                 0.738      0.027     27.740      0.000
    I10               -0.872      0.023    -38.652      0.000
    I11               -0.298      0.047     -6.365      0.000
    I12               -0.965      0.024    -40.884      0.000

 F2       WITH
    F1                 0.372      0.047      7.919      0.000

 F3       WITH
    F1                -0.171      0.048     -3.566      0.000
    F2                -0.147      0.052     -2.834      0.005

 Thresholds
    I1$1              -2.097      0.134    -15.612      0.000
    I1$2              -1.491      0.086    -17.387      0.000
    I1$3              -1.071      0.069    -15.424      0.000
    I1$4               0.005      0.056      0.089      0.929
    I2$1              -1.728      0.100    -17.269      0.000
    I2$2              -0.536      0.059     -9.072      0.000
    I2$3               0.485      0.059      8.282      0.000
    I2$4               1.293      0.077     16.816      0.000
    I3$1              -1.293      0.077    -16.816      0.000
    I3$2              -0.105      0.056     -1.878      0.060
    I3$3               0.834      0.064     13.090      0.000
    I3$4               1.774      0.103     17.151      0.000
    I4$1              -1.028      0.068    -15.059      0.000
    I4$2              -0.025      0.056     -0.447      0.655
    I4$3               1.379      0.080     17.141      0.000
    I4$4               2.097      0.134     15.612      0.000
    I5$1              -0.931      0.066    -14.138      0.000
    I5$2               0.000      0.056      0.000      1.000
    I5$3               0.978      0.067     14.605      0.000
    I5$4               2.097      0.134     15.612      0.000
    I6$1              -1.852      0.110    -16.890      0.000
    I6$2              -0.759      0.062    -12.174      0.000
    I6$3               0.111      0.056      1.967      0.049
    I6$4               1.293      0.077     16.816      0.000
    I7$1              -1.282      0.076    -16.764      0.000
    I7$2              -0.970      0.067    -14.528      0.000
    I7$3              -0.166      0.056     -2.950      0.003
    I7$4               0.878      0.065     13.579      0.000
    I8$1              -1.977      0.121    -16.316      0.000
    I8$2              -1.506      0.087    -17.405      0.000
    I8$3              -0.577      0.060     -9.684      0.000
    I8$4               0.055      0.056      0.984      0.325
    I9$1              -0.595      0.060     -9.945      0.000
    I9$2               0.479      0.058      8.194      0.000
    I9$3               1.227      0.074     16.482      0.000
    I9$4               2.409      0.182     13.254      0.000
    I10$1             -2.097      0.134    -15.612      0.000
    I10$2             -0.375      0.058     -6.514      0.000
    I10$3              0.726      0.062     11.751      0.000
    I10$4              1.607      0.092     17.434      0.000
    I11$1             -1.353      0.079    -17.057      0.000
    I11$2             -0.391      0.058     -6.780      0.000
    I11$3              0.548      0.059      9.247      0.000
    I11$4              1.665      0.096     17.382      0.000
    I12$1             -0.752      0.062    -12.090      0.000
    I12$2              0.269      0.057      4.735      0.000
    I12$3              1.329      0.078     16.965      0.000
    I12$4              1.911      0.115     16.642      0.000

 Variances
    F1                 1.000      0.000    999.000    999.000
    F2                 1.000      0.000    999.000    999.000
    F3                 1.000      0.000    999.000    999.000


STD Standardization

                                                    Two-Tailed
                    Estimate       S.E.  Est./S.E.    P-Value

 F1       BY
    I1                 0.999      0.027     36.703      0.000
    I2                 0.720      0.030     23.762      0.000
    I3                 0.658      0.035     18.581      0.000
    I4                 0.542      0.039     14.008      0.000

 F2       BY
    I5                 0.690      0.038     18.306      0.000
    I6                 0.071      0.054      1.316      0.188
    I7                 0.714      0.036     19.984      0.000
    I8                 0.888      0.037     24.281      0.000

 F3       BY
    I9                 0.738      0.027     27.740      0.000
    I10               -0.872      0.023    -38.652      0.000
    I11               -0.298      0.047     -6.365      0.000
    I12               -0.965      0.024    -40.884      0.000

 F2       WITH
    F1                 0.372      0.047      7.919      0.000

 F3       WITH
    F1                -0.171      0.048     -3.566      0.000
    F2                -0.147      0.052     -2.834      0.005

 Thresholds
    I1$1              -2.097      0.134    -15.612      0.000
    I1$2              -1.491      0.086    -17.387      0.000
    I1$3              -1.071      0.069    -15.424      0.000
    I1$4               0.005      0.056      0.089      0.929
    I2$1              -1.728      0.100    -17.269      0.000
    I2$2              -0.536      0.059     -9.072      0.000
    I2$3               0.485      0.059      8.282      0.000
    I2$4               1.293      0.077     16.816      0.000
    I3$1              -1.293      0.077    -16.816      0.000
    I3$2              -0.105      0.056     -1.878      0.060
    I3$3               0.834      0.064     13.090      0.000
    I3$4               1.774      0.103     17.151      0.000
    I4$1              -1.028      0.068    -15.059      0.000
    I4$2              -0.025      0.056     -0.447      0.655
    I4$3               1.379      0.080     17.141      0.000
    I4$4               2.097      0.134     15.612      0.000
    I5$1              -0.931      0.066    -14.138      0.000
    I5$2               0.000      0.056      0.000      1.000
    I5$3               0.978      0.067     14.605      0.000
    I5$4               2.097      0.134     15.612      0.000
    I6$1              -1.852      0.110    -16.890      0.000
    I6$2              -0.759      0.062    -12.174      0.000
    I6$3               0.111      0.056      1.967      0.049
    I6$4               1.293      0.077     16.816      0.000
    I7$1              -1.282      0.076    -16.764      0.000
    I7$2              -0.970      0.067    -14.528      0.000
    I7$3              -0.166      0.056     -2.950      0.003
    I7$4               0.878      0.065     13.579      0.000
    I8$1              -1.977      0.121    -16.316      0.000
    I8$2              -1.506      0.087    -17.405      0.000
    I8$3              -0.577      0.060     -9.684      0.000
    I8$4               0.055      0.056      0.984      0.325
    I9$1              -0.595      0.060     -9.945      0.000
    I9$2               0.479      0.058      8.194      0.000
    I9$3               1.227      0.074     16.482      0.000
    I9$4               2.409      0.182     13.254      0.000
    I10$1             -2.097      0.134    -15.612      0.000
    I10$2             -0.375      0.058     -6.514      0.000
    I10$3              0.726      0.062     11.751      0.000
    I10$4              1.607      0.092     17.434      0.000
    I11$1             -1.353      0.079    -17.057      0.000
    I11$2             -0.391      0.058     -6.780      0.000
    I11$3              0.548      0.059      9.247      0.000
    I11$4              1.665      0.096     17.382      0.000
    I12$1             -0.752      0.062    -12.090      0.000
    I12$2              0.269      0.057      4.735      0.000
    I12$3              1.329      0.078     16.965      0.000
    I12$4              1.911      0.115     16.642      0.000

 Variances
    F1                 1.000      0.000    999.000    999.000
    F2                 1.000      0.000    999.000    999.000
    F3                 1.000      0.000    999.000    999.000


R-SQUARE

    Observed                                        Two-Tailed   Residual
    Variable        Estimate       S.E.  Est./S.E.    P-Value    Variance

    I1                 0.999      0.054     18.352      0.000      0.001
    I2                 0.519      0.044     11.881      0.000      0.481
    I3                 0.433      0.047      9.290      0.000      0.567
    I4                 0.294      0.042      7.004      0.000      0.706
    I5                 0.476      0.052      9.153      0.000      0.524
    I6                 0.005      0.008      0.658      0.511      0.995
    I7                 0.510      0.051      9.992      0.000      0.490
    I8                 0.788      0.065     12.140      0.000      0.212
    I9                 0.544      0.039     13.870      0.000      0.456
    I10                0.760      0.039     19.326      0.000      0.240
    I11                0.089      0.028      3.183      0.001      0.911
    I12                0.931      0.046     20.442      0.000      0.069


QUALITY OF NUMERICAL RESULTS

     Condition Number for the Information Matrix              0.332E-02
       (ratio of smallest to largest eigenvalue)


MODEL MODIFICATION INDICES

Minimum M.I. value for printing the modification index    10.000

                                   M.I.     E.P.C.  Std E.P.C.  StdYX E.P.C.

ON/BY Statements

I1       ON F2       /
F2       BY I1                    69.415     0.725      0.501        0.501
I1       ON F3       /
F3       BY I1                   126.289    -0.663     -0.489       -0.489
I2       ON F2       /
F2       BY I2                    10.958    -0.240     -0.166       -0.166
I2       ON F3       /
F3       BY I2                    12.915     0.182      0.135        0.135
I3       ON F3       /
F3       BY I3                    30.592     0.266      0.197        0.197
I4       ON F2       /
F2       BY I4                    28.095    -0.365     -0.252       -0.252
I4       ON F3       /
F3       BY I4                    28.713     0.244      0.180        0.180

ON Statements

F1       ON I1                   142.265    -1.512     -1.513       -1.513
F1       ON I2                    18.630     0.454      0.454        0.454
F1       ON I3                    17.879     0.434      0.434        0.434
F1       ON I4                    45.547     0.660      0.661        0.661
F2       ON I1                    49.261     0.249      0.361        0.361
F2       ON I4                    22.007    -0.133     -0.192       -0.192
F3       ON I1                   114.236    -0.332     -0.449       -0.449
F3       ON I2                    11.376     0.090      0.122        0.122
F3       ON I3                    29.227     0.137      0.186        0.186
F3       ON I4                    25.307     0.121      0.164        0.164
I1       ON I2                    21.158    -0.368     -0.368       -0.368
I1       ON I3                    17.032    -0.307     -0.307       -0.307
I1       ON I5                    42.878     0.240      0.240        0.240
I1       ON I7                    29.986     0.209      0.209        0.209
I1       ON I8                    37.684     0.215      0.215        0.215
I1       ON I9                    77.503    -0.293     -0.293       -0.293
I1       ON I10                   97.861     0.290      0.290        0.290
I1       ON I11                   28.574     0.251      0.251        0.251
I1       ON I12                   88.472     0.258      0.258        0.258
I2       ON I1                    21.156    -0.368     -0.368       -0.368
I2       ON I3                    21.035     0.246      0.246        0.246
I2       ON I4                    15.395     0.197      0.197        0.197
I2       ON I10                   11.389    -0.091     -0.091       -0.091
I2       ON I12                   10.043    -0.078     -0.078       -0.078
I3       ON I1                    17.031    -0.307     -0.307       -0.307
I3       ON I2                    21.035     0.246      0.246        0.246
I3       ON I4                    10.189     0.157      0.157        0.157
I3       ON I9                    17.223     0.120      0.120        0.120
I3       ON I10                   26.140    -0.124     -0.124       -0.124
I3       ON I11                   12.599    -0.150     -0.150       -0.150
I3       ON I12                   25.730    -0.121     -0.121       -0.121
I4       ON I2                    15.395     0.197      0.197        0.197
I4       ON I3                    10.189     0.157      0.157        0.157
I4       ON I5                    20.763    -0.153     -0.153       -0.153
I4       ON I7                    12.883    -0.119     -0.119       -0.119
I4       ON I8                    22.024    -0.138     -0.138       -0.138
I4       ON I9                    20.805     0.128      0.128        0.128
I4       ON I10                   21.680    -0.111     -0.111       -0.111
I4       ON I11                   12.882    -0.144     -0.144       -0.144
I4       ON I12                   22.632    -0.105     -0.105       -0.105
I8       ON I4                    10.058    -0.138     -0.138       -0.138

WITH Statements

I1       WITH F1                 142.261    -1.512     -1.513      -44.448
I1       WITH F2                  49.259     0.249      0.361       10.618
I1       WITH F3                 114.235    -0.332     -0.449      -13.205
I2       WITH F1                  18.631     0.454      0.454        0.654
I2       WITH F3                  11.376     0.090      0.122        0.176
I2       WITH I1                  21.157    -0.368     -0.368      -15.589
I3       WITH F1                  17.879     0.434      0.434        0.577
I3       WITH F3                  29.227     0.137      0.186        0.247
I3       WITH I1                  17.031    -0.307     -0.307      -11.975
I3       WITH I2                  21.035     0.246      0.246        0.471
I4       WITH F1                  45.548     0.660      0.661        0.786
I4       WITH F2                  22.008    -0.133     -0.192       -0.229
I4       WITH F3                  25.307     0.121      0.164        0.195
I4       WITH I2                  15.395     0.197      0.197        0.338
I4       WITH I3                  10.189     0.157      0.157        0.249
I5       WITH I1                  16.311     0.197      0.197        7.979
I8       WITH I4                  10.011    -0.165     -0.165       -0.428
I9       WITH I1                  14.341    -0.194     -0.194       -8.456
I10      WITH I1                  31.889     0.284      0.284       17.010
I10      WITH I3                  11.464    -0.154     -0.154       -0.418
I12      WITH I1                  23.027     0.245      0.245       27.449


DIAGRAM INFORMATION

  Use View Diagram under the Diagram menu in the Mplus Editor to view the diagram.
  If running Mplus from the Mplus Diagrammer, the diagram opens automatically.

  Diagram output
    c:\users\pc_casa\onedrive\congressos_cursos\2021_uerj\afc_exercicio.dgm

     Beginning Time:  08:52:02
        Ending Time:  08:52:03
       Elapsed Time:  00:00:01



MUTHEN & MUTHEN
3463 Stoner Ave.
Los Angeles, CA  90066

Tel: (310) 391-9971
Fax: (310) 391-8971
Web: www.StatModel.com
Support: Support@StatModel.com

Copyright (c) 1998-2017 Muthen & Muthen
