Mplus VERSION 8
MUTHEN & MUTHEN
11/03/2021   8:53 AM

INPUT INSTRUCTIONS

  TITLE:	AFC UERJ
  DATA:	FILE IS banco_exemplo_cat2.txt;
  VARIABLE:	NAMES ARE id i1-i12;
              usevariables i1-i5 i7-i12;
              CATEGORICAL ARE ALL;



  MODEL:	f1 BY i1-i4;
  	    f2 BY i5 i7 i8;
  	    f3 BY i9-i12 i1;
  	

  OUTPUT:	standardized (all); modindices (all);




INPUT READING TERMINATED NORMALLY



AFC UERJ

SUMMARY OF ANALYSIS

Number of groups                                                 1
Number of observations                                         500

Number of dependent variables                                   11
Number of independent variables                                  0
Number of continuous latent variables                            3

Observed dependent variables

  Binary and ordered categorical (ordinal)
   I1          I2          I3          I4          I5          I7
   I8          I9          I10         I11         I12

Continuous latent variables
   F1          F2          F3


Estimator                                                    WLSMV
Maximum number of iterations                                  1000
Convergence criterion                                    0.500D-04
Maximum number of steepest descent iterations                   20
Parameterization                                             DELTA
Link                                                        PROBIT

Input data file(s)
  banco_exemplo_cat2.txt

Input data format  FREE


UNIVARIATE PROPORTIONS AND COUNTS FOR CATEGORICAL VARIABLES

    I1
      Category 1    0.018            9.000
      Category 2    0.050           25.000
      Category 3    0.074           37.000
      Category 4    0.360          180.000
      Category 5    0.498          249.000
    I2
      Category 1    0.042           21.000
      Category 2    0.254          127.000
      Category 3    0.390          195.000
      Category 4    0.216          108.000
      Category 5    0.098           49.000
    I3
      Category 1    0.098           49.000
      Category 2    0.360          180.000
      Category 3    0.340          170.000
      Category 4    0.164           82.000
      Category 5    0.038           19.000
    I4
      Category 1    0.152           76.000
      Category 2    0.338          169.000
      Category 3    0.426          213.000
      Category 4    0.066           33.000
      Category 5    0.018            9.000
    I5
      Category 1    0.176           88.000
      Category 2    0.324          162.000
      Category 3    0.336          168.000
      Category 4    0.146           73.000
      Category 5    0.018            9.000
    I7
      Category 1    0.100           50.000
      Category 2    0.066           33.000
      Category 3    0.268          134.000
      Category 4    0.376          188.000
      Category 5    0.190           95.000
    I8
      Category 1    0.024           12.000
      Category 2    0.042           21.000
      Category 3    0.216          108.000
      Category 4    0.240          120.000
      Category 5    0.478          239.000
    I9
      Category 1    0.276          138.000
      Category 2    0.408          204.000
      Category 3    0.206          103.000
      Category 4    0.102           51.000
      Category 5    0.008            4.000
    I10
      Category 1    0.018            9.000
      Category 2    0.336          168.000
      Category 3    0.412          206.000
      Category 4    0.180           90.000
      Category 5    0.054           27.000
    I11
      Category 1    0.088           44.000
      Category 2    0.260          130.000
      Category 3    0.360          180.000
      Category 4    0.244          122.000
      Category 5    0.048           24.000
    I12
      Category 1    0.226          113.000
      Category 2    0.380          190.000
      Category 3    0.302          151.000
      Category 4    0.064           32.000
      Category 5    0.028           14.000



THE MODEL ESTIMATION TERMINATED NORMALLY



MODEL FIT INFORMATION

Number of Free Parameters                       59

Chi-Square Test of Model Fit

          Value                             87.936*
          Degrees of Freedom                    40
          P-Value                           0.0000

*   The chi-square value for MLM, MLMV, MLR, ULSMV, WLSM and WLSMV cannot be used
    for chi-square difference testing in the regular way.  MLM, MLR and WLSM
    chi-square difference testing is described on the Mplus website.  MLMV, WLSMV,
    and ULSMV difference testing is done using the DIFFTEST option.

RMSEA (Root Mean Square Error Of Approximation)

          Estimate                           0.049
          90 Percent C.I.                    0.035  0.063
          Probability RMSEA <= .05           0.528

CFI/TLI

          CFI                                0.986
          TLI                                0.981

Chi-Square Test of Model Fit for the Baseline Model

          Value                           3578.328
          Degrees of Freedom                    55
          P-Value                           0.0000

WRMR (Weighted Root Mean Square Residual)

          Value                              0.815



MODEL RESULTS

                                                    Two-Tailed
                    Estimate       S.E.  Est./S.E.    P-Value

 F1       BY
    I1                 1.000      0.000    999.000    999.000
    I2                 0.857      0.047     18.051      0.000
    I3                 0.786      0.050     15.570      0.000
    I4                 0.654      0.049     13.274      0.000

 F2       BY
    I5                 1.000      0.000    999.000    999.000
    I7                 1.035      0.071     14.648      0.000
    I8                 1.286      0.102     12.649      0.000

 F3       BY
    I9                 1.000      0.000    999.000    999.000
    I10               -1.194      0.045    -26.499      0.000
    I11               -0.416      0.065     -6.440      0.000
    I12               -1.300      0.059    -21.941      0.000
    I1                -0.647      0.065    -10.004      0.000

 F2       WITH
    F1                 0.199      0.034      5.886      0.000

 F3       WITH
    F1                 0.033      0.038      0.865      0.387
    F2                -0.091      0.027     -3.430      0.001

 Thresholds
    I1$1              -2.097      0.134    -15.612      0.000
    I1$2              -1.491      0.086    -17.387      0.000
    I1$3              -1.071      0.069    -15.424      0.000
    I1$4               0.005      0.056      0.089      0.929
    I2$1              -1.728      0.100    -17.269      0.000
    I2$2              -0.536      0.059     -9.072      0.000
    I2$3               0.485      0.059      8.282      0.000
    I2$4               1.293      0.077     16.816      0.000
    I3$1              -1.293      0.077    -16.816      0.000
    I3$2              -0.105      0.056     -1.878      0.060
    I3$3               0.834      0.064     13.090      0.000
    I3$4               1.774      0.103     17.151      0.000
    I4$1              -1.028      0.068    -15.059      0.000
    I4$2              -0.025      0.056     -0.447      0.655
    I4$3               1.379      0.080     17.141      0.000
    I4$4               2.097      0.134     15.612      0.000
    I5$1              -0.931      0.066    -14.138      0.000
    I5$2               0.000      0.056      0.000      1.000
    I5$3               0.978      0.067     14.605      0.000
    I5$4               2.097      0.134     15.612      0.000
    I7$1              -1.282      0.076    -16.764      0.000
    I7$2              -0.970      0.067    -14.528      0.000
    I7$3              -0.166      0.056     -2.950      0.003
    I7$4               0.878      0.065     13.579      0.000
    I8$1              -1.977      0.121    -16.316      0.000
    I8$2              -1.506      0.087    -17.405      0.000
    I8$3              -0.577      0.060     -9.684      0.000
    I8$4               0.055      0.056      0.984      0.325
    I9$1              -0.595      0.060     -9.945      0.000
    I9$2               0.479      0.058      8.194      0.000
    I9$3               1.227      0.074     16.482      0.000
    I9$4               2.409      0.182     13.254      0.000
    I10$1             -2.097      0.134    -15.612      0.000
    I10$2             -0.375      0.058     -6.514      0.000
    I10$3              0.726      0.062     11.751      0.000
    I10$4              1.607      0.092     17.434      0.000
    I11$1             -1.353      0.079    -17.057      0.000
    I11$2             -0.391      0.058     -6.780      0.000
    I11$3              0.548      0.059      9.247      0.000
    I11$4              1.665      0.096     17.382      0.000
    I12$1             -0.752      0.062    -12.090      0.000
    I12$2              0.269      0.057      4.735      0.000
    I12$3              1.329      0.078     16.965      0.000
    I12$4              1.911      0.115     16.642      0.000

 Variances
    F1                 0.808      0.061     13.290      0.000
    F2                 0.477      0.052      9.152      0.000
    F3                 0.540      0.038     14.034      0.000


STANDARDIZED MODEL RESULTS


STDYX Standardization

                                                    Two-Tailed
                    Estimate       S.E.  Est./S.E.    P-Value

 F1       BY
    I1                 0.899      0.034     26.581      0.000
    I2                 0.771      0.029     26.450      0.000
    I3                 0.706      0.034     20.871      0.000
    I4                 0.587      0.038     15.384      0.000

 F2       BY
    I5                 0.691      0.038     18.304      0.000
    I7                 0.715      0.036     20.000      0.000
    I8                 0.888      0.037     24.232      0.000

 F3       BY
    I9                 0.735      0.026     28.068      0.000
    I10               -0.878      0.021    -40.978      0.000
    I11               -0.306      0.046     -6.619      0.000
    I12               -0.955      0.022    -43.539      0.000
    I1                -0.476      0.046    -10.411      0.000

 F2       WITH
    F1                 0.320      0.049      6.578      0.000

 F3       WITH
    F1                 0.050      0.056      0.882      0.378
    F2                -0.180      0.051     -3.537      0.000

 Thresholds
    I1$1              -2.097      0.134    -15.612      0.000
    I1$2              -1.491      0.086    -17.387      0.000
    I1$3              -1.071      0.069    -15.424      0.000
    I1$4               0.005      0.056      0.089      0.929
    I2$1              -1.728      0.100    -17.269      0.000
    I2$2              -0.536      0.059     -9.072      0.000
    I2$3               0.485      0.059      8.282      0.000
    I2$4               1.293      0.077     16.816      0.000
    I3$1              -1.293      0.077    -16.816      0.000
    I3$2              -0.105      0.056     -1.878      0.060
    I3$3               0.834      0.064     13.090      0.000
    I3$4               1.774      0.103     17.151      0.000
    I4$1              -1.028      0.068    -15.059      0.000
    I4$2              -0.025      0.056     -0.447      0.655
    I4$3               1.379      0.080     17.141      0.000
    I4$4               2.097      0.134     15.612      0.000
    I5$1              -0.931      0.066    -14.138      0.000
    I5$2               0.000      0.056      0.000      1.000
    I5$3               0.978      0.067     14.605      0.000
    I5$4               2.097      0.134     15.612      0.000
    I7$1              -1.282      0.076    -16.764      0.000
    I7$2              -0.970      0.067    -14.528      0.000
    I7$3              -0.166      0.056     -2.950      0.003
    I7$4               0.878      0.065     13.579      0.000
    I8$1              -1.977      0.121    -16.316      0.000
    I8$2              -1.506      0.087    -17.405      0.000
    I8$3              -0.577      0.060     -9.684      0.000
    I8$4               0.055      0.056      0.984      0.325
    I9$1              -0.595      0.060     -9.945      0.000
    I9$2               0.479      0.058      8.194      0.000
    I9$3               1.227      0.074     16.482      0.000
    I9$4               2.409      0.182     13.254      0.000
    I10$1             -2.097      0.134    -15.612      0.000
    I10$2             -0.375      0.058     -6.514      0.000
    I10$3              0.726      0.062     11.751      0.000
    I10$4              1.607      0.092     17.434      0.000
    I11$1             -1.353      0.079    -17.057      0.000
    I11$2             -0.391      0.058     -6.780      0.000
    I11$3              0.548      0.059      9.247      0.000
    I11$4              1.665      0.096     17.382      0.000
    I12$1             -0.752      0.062    -12.090      0.000
    I12$2              0.269      0.057      4.735      0.000
    I12$3              1.329      0.078     16.965      0.000
    I12$4              1.911      0.115     16.642      0.000

 Variances
    F1                 1.000      0.000    999.000    999.000
    F2                 1.000      0.000    999.000    999.000
    F3                 1.000      0.000    999.000    999.000


STDY Standardization

                                                    Two-Tailed
                    Estimate       S.E.  Est./S.E.    P-Value

 F1       BY
    I1                 0.899      0.034     26.581      0.000
    I2                 0.771      0.029     26.450      0.000
    I3                 0.706      0.034     20.871      0.000
    I4                 0.587      0.038     15.384      0.000

 F2       BY
    I5                 0.691      0.038     18.304      0.000
    I7                 0.715      0.036     20.000      0.000
    I8                 0.888      0.037     24.232      0.000

 F3       BY
    I9                 0.735      0.026     28.068      0.000
    I10               -0.878      0.021    -40.978      0.000
    I11               -0.306      0.046     -6.619      0.000
    I12               -0.955      0.022    -43.539      0.000
    I1                -0.476      0.046    -10.411      0.000

 F2       WITH
    F1                 0.320      0.049      6.578      0.000

 F3       WITH
    F1                 0.050      0.056      0.882      0.378
    F2                -0.180      0.051     -3.537      0.000

 Thresholds
    I1$1              -2.097      0.134    -15.612      0.000
    I1$2              -1.491      0.086    -17.387      0.000
    I1$3              -1.071      0.069    -15.424      0.000
    I1$4               0.005      0.056      0.089      0.929
    I2$1              -1.728      0.100    -17.269      0.000
    I2$2              -0.536      0.059     -9.072      0.000
    I2$3               0.485      0.059      8.282      0.000
    I2$4               1.293      0.077     16.816      0.000
    I3$1              -1.293      0.077    -16.816      0.000
    I3$2              -0.105      0.056     -1.878      0.060
    I3$3               0.834      0.064     13.090      0.000
    I3$4               1.774      0.103     17.151      0.000
    I4$1              -1.028      0.068    -15.059      0.000
    I4$2              -0.025      0.056     -0.447      0.655
    I4$3               1.379      0.080     17.141      0.000
    I4$4               2.097      0.134     15.612      0.000
    I5$1              -0.931      0.066    -14.138      0.000
    I5$2               0.000      0.056      0.000      1.000
    I5$3               0.978      0.067     14.605      0.000
    I5$4               2.097      0.134     15.612      0.000
    I7$1              -1.282      0.076    -16.764      0.000
    I7$2              -0.970      0.067    -14.528      0.000
    I7$3              -0.166      0.056     -2.950      0.003
    I7$4               0.878      0.065     13.579      0.000
    I8$1              -1.977      0.121    -16.316      0.000
    I8$2              -1.506      0.087    -17.405      0.000
    I8$3              -0.577      0.060     -9.684      0.000
    I8$4               0.055      0.056      0.984      0.325
    I9$1              -0.595      0.060     -9.945      0.000
    I9$2               0.479      0.058      8.194      0.000
    I9$3               1.227      0.074     16.482      0.000
    I9$4               2.409      0.182     13.254      0.000
    I10$1             -2.097      0.134    -15.612      0.000
    I10$2             -0.375      0.058     -6.514      0.000
    I10$3              0.726      0.062     11.751      0.000
    I10$4              1.607      0.092     17.434      0.000
    I11$1             -1.353      0.079    -17.057      0.000
    I11$2             -0.391      0.058     -6.780      0.000
    I11$3              0.548      0.059      9.247      0.000
    I11$4              1.665      0.096     17.382      0.000
    I12$1             -0.752      0.062    -12.090      0.000
    I12$2              0.269      0.057      4.735      0.000
    I12$3              1.329      0.078     16.965      0.000
    I12$4              1.911      0.115     16.642      0.000

 Variances
    F1                 1.000      0.000    999.000    999.000
    F2                 1.000      0.000    999.000    999.000
    F3                 1.000      0.000    999.000    999.000


STD Standardization

                                                    Two-Tailed
                    Estimate       S.E.  Est./S.E.    P-Value

 F1       BY
    I1                 0.899      0.034     26.581      0.000
    I2                 0.771      0.029     26.450      0.000
    I3                 0.706      0.034     20.871      0.000
    I4                 0.587      0.038     15.384      0.000

 F2       BY
    I5                 0.691      0.038     18.304      0.000
    I7                 0.715      0.036     20.000      0.000
    I8                 0.888      0.037     24.232      0.000

 F3       BY
    I9                 0.735      0.026     28.068      0.000
    I10               -0.878      0.021    -40.978      0.000
    I11               -0.306      0.046     -6.619      0.000
    I12               -0.955      0.022    -43.539      0.000
    I1                -0.476      0.046    -10.411      0.000

 F2       WITH
    F1                 0.320      0.049      6.578      0.000

 F3       WITH
    F1                 0.050      0.056      0.882      0.378
    F2                -0.180      0.051     -3.537      0.000

 Thresholds
    I1$1              -2.097      0.134    -15.612      0.000
    I1$2              -1.491      0.086    -17.387      0.000
    I1$3              -1.071      0.069    -15.424      0.000
    I1$4               0.005      0.056      0.089      0.929
    I2$1              -1.728      0.100    -17.269      0.000
    I2$2              -0.536      0.059     -9.072      0.000
    I2$3               0.485      0.059      8.282      0.000
    I2$4               1.293      0.077     16.816      0.000
    I3$1              -1.293      0.077    -16.816      0.000
    I3$2              -0.105      0.056     -1.878      0.060
    I3$3               0.834      0.064     13.090      0.000
    I3$4               1.774      0.103     17.151      0.000
    I4$1              -1.028      0.068    -15.059      0.000
    I4$2              -0.025      0.056     -0.447      0.655
    I4$3               1.379      0.080     17.141      0.000
    I4$4               2.097      0.134     15.612      0.000
    I5$1              -0.931      0.066    -14.138      0.000
    I5$2               0.000      0.056      0.000      1.000
    I5$3               0.978      0.067     14.605      0.000
    I5$4               2.097      0.134     15.612      0.000
    I7$1              -1.282      0.076    -16.764      0.000
    I7$2              -0.970      0.067    -14.528      0.000
    I7$3              -0.166      0.056     -2.950      0.003
    I7$4               0.878      0.065     13.579      0.000
    I8$1              -1.977      0.121    -16.316      0.000
    I8$2              -1.506      0.087    -17.405      0.000
    I8$3              -0.577      0.060     -9.684      0.000
    I8$4               0.055      0.056      0.984      0.325
    I9$1              -0.595      0.060     -9.945      0.000
    I9$2               0.479      0.058      8.194      0.000
    I9$3               1.227      0.074     16.482      0.000
    I9$4               2.409      0.182     13.254      0.000
    I10$1             -2.097      0.134    -15.612      0.000
    I10$2             -0.375      0.058     -6.514      0.000
    I10$3              0.726      0.062     11.751      0.000
    I10$4              1.607      0.092     17.434      0.000
    I11$1             -1.353      0.079    -17.057      0.000
    I11$2             -0.391      0.058     -6.780      0.000
    I11$3              0.548      0.059      9.247      0.000
    I11$4              1.665      0.096     17.382      0.000
    I12$1             -0.752      0.062    -12.090      0.000
    I12$2              0.269      0.057      4.735      0.000
    I12$3              1.329      0.078     16.965      0.000
    I12$4              1.911      0.115     16.642      0.000

 Variances
    F1                 1.000      0.000    999.000    999.000
    F2                 1.000      0.000    999.000    999.000
    F3                 1.000      0.000    999.000    999.000


R-SQUARE

    Observed                                        Two-Tailed   Residual
    Variable        Estimate       S.E.  Est./S.E.    P-Value    Variance

    I1                 0.991      0.048     20.654      0.000      0.009
    I2                 0.594      0.045     13.225      0.000      0.406
    I3                 0.498      0.048     10.436      0.000      0.502
    I4                 0.345      0.045      7.692      0.000      0.655
    I5                 0.477      0.052      9.152      0.000      0.523
    I7                 0.511      0.051     10.000      0.000      0.489
    I8                 0.789      0.065     12.116      0.000      0.211
    I9                 0.540      0.038     14.034      0.000      0.460
    I10                0.771      0.038     20.489      0.000      0.229
    I11                0.093      0.028      3.310      0.001      0.907
    I12                0.913      0.042     21.770      0.000      0.087


QUALITY OF NUMERICAL RESULTS

     Condition Number for the Information Matrix              0.308E-02
       (ratio of smallest to largest eigenvalue)


MODEL MODIFICATION INDICES

Minimum M.I. value for printing the modification index    10.000

                                   M.I.     E.P.C.  Std E.P.C.  StdYX E.P.C.

ON/BY Statements

I1       ON F2       /
F2       BY I1                    46.789     0.534      0.369        0.369
I4       ON F2       /
F2       BY I4                    22.289    -0.293     -0.203       -0.203

ON Statements

F1       ON I1                    46.858    -0.863     -0.960       -0.960
F1       ON I4                    18.337     0.458      0.509        0.509
F2       ON I1                    46.789     0.219      0.317        0.317
F2       ON I4                    20.987    -0.124     -0.180       -0.180
F3       ON I1                    46.765     1.184      1.611        1.611
I1       ON I5                    36.283     0.203      0.203        0.203
I1       ON I7                    23.828     0.171      0.171        0.171
I1       ON I8                    29.210     0.172      0.172        0.172
I4       ON I5                    18.479    -0.135     -0.135       -0.135
I4       ON I7                    10.801    -0.102     -0.102       -0.102
I4       ON I8                    19.140    -0.120     -0.120       -0.120
I8       ON I4                    10.043    -0.124     -0.124       -0.124

WITH Statements

I1       WITH F1                  46.820    -0.863     -0.960      -10.341
I1       WITH F2                  46.791     0.219      0.317        3.411
I1       WITH F3                  46.750     1.184      1.611       17.358
I4       WITH F1                  18.351     0.458      0.509        0.629
I4       WITH F2                  20.986    -0.124     -0.180       -0.222
I5       WITH I1                  17.354     0.191      0.191        2.843


DIAGRAM INFORMATION

  Use View Diagram under the Diagram menu in the Mplus Editor to view the diagram.
  If running Mplus from the Mplus Diagrammer, the diagram opens automatically.

  Diagram output
    c:\users\pc_casa\onedrive\congressos_cursos\2021_uerj\afc_exercicio_p3.dgm

     Beginning Time:  08:53:27
        Ending Time:  08:53:27
       Elapsed Time:  00:00:00



MUTHEN & MUTHEN
3463 Stoner Ave.
Los Angeles, CA  90066

Tel: (310) 391-9971
Fax: (310) 391-8971
Web: www.StatModel.com
Support: Support@StatModel.com

Copyright (c) 1998-2017 Muthen & Muthen
